14:54:05 [INFO] main — ============================================================
14:54:05 [INFO] main — STEP 1: Materials Project download
14:54:05 [INFO] main — ============================================================
14:54:14 [INFO] src.mp_downloader — Querying MP for metadata: 2–6 elements, 4–25 sites ...
14:57:47 [INFO] main — ============================================================
14:57:47 [INFO] main — STEP 1: Materials Project download
14:57:47 [INFO] main — ============================================================
14:57:57 [INFO] src.mp_downloader — Querying MP for metadata: 2–6 elements, 4–25 sites ...
15:00:36 [INFO] main — ============================================================
15:00:36 [INFO] main — STEP 1: Materials Project download
15:00:36 [INFO] main — ============================================================
15:00:45 [INFO] src.mp_downloader — Querying MP for metadata: 2–6 elements, 4–25 sites ...
15:01:13 [INFO] src.mp_downloader — Retrieved 87810 metadata records
15:01:14 [INFO] src.mp_downloader — Class distribution in full dataset: {0: 20913, 1: 33773, 2: 33124}
15:01:14 [INFO] src.mp_downloader — Class 0: sampling 4000 / 20913
15:01:14 [INFO] src.mp_downloader — Class 1: sampling 4000 / 33773
15:01:14 [INFO] src.mp_downloader — Class 2: sampling 4000 / 33124
15:01:14 [INFO] src.mp_downloader — Total sampled: 12000 structures
15:01:14 [INFO] src.mp_downloader — Fetching 12000 structures from MP (not in cache)
15:01:14 [INFO] src.mp_downloader — Fetching chunk 1/24 (500 IDs)...
15:01:16 [INFO] src.mp_downloader — Cache updated (500 records total)
15:01:16 [INFO] src.mp_downloader — Fetching chunk 2/24 (500 IDs)...
15:01:19 [INFO] src.mp_downloader — Cache updated (1000 records total)
15:01:19 [INFO] src.mp_downloader — Fetching chunk 3/24 (500 IDs)...
15:01:22 [INFO] src.mp_downloader — Cache updated (1500 records total)
15:01:22 [INFO] src.mp_downloader — Fetching chunk 4/24 (500 IDs)...
15:01:25 [INFO] src.mp_downloader — Cache updated (2000 records total)
15:01:25 [INFO] src.mp_downloader — Fetching chunk 5/24 (500 IDs)...
15:01:29 [INFO] src.mp_downloader — Cache updated (2500 records total)
15:01:29 [INFO] src.mp_downloader — Fetching chunk 6/24 (500 IDs)...
15:01:33 [INFO] src.mp_downloader — Cache updated (3000 records total)
15:01:33 [INFO] src.mp_downloader — Fetching chunk 7/24 (500 IDs)...
15:01:36 [INFO] src.mp_downloader — Cache updated (3500 records total)
15:01:36 [INFO] src.mp_downloader — Fetching chunk 8/24 (500 IDs)...
15:01:42 [INFO] src.mp_downloader — Cache updated (4000 records total)
15:01:42 [INFO] src.mp_downloader — Fetching chunk 9/24 (500 IDs)...
15:01:46 [INFO] src.mp_downloader — Cache updated (4500 records total)
15:01:46 [INFO] src.mp_downloader — Fetching chunk 10/24 (500 IDs)...
15:01:50 [INFO] src.mp_downloader — Cache updated (5000 records total)
15:01:50 [INFO] src.mp_downloader — Fetching chunk 11/24 (500 IDs)...
15:01:55 [INFO] src.mp_downloader — Cache updated (5500 records total)
15:01:55 [INFO] src.mp_downloader — Fetching chunk 12/24 (500 IDs)...
15:02:00 [INFO] src.mp_downloader — Cache updated (6000 records total)
15:02:00 [INFO] src.mp_downloader — Fetching chunk 13/24 (500 IDs)...
15:02:06 [INFO] src.mp_downloader — Cache updated (6500 records total)
15:02:06 [INFO] src.mp_downloader — Fetching chunk 14/24 (500 IDs)...
15:02:12 [INFO] src.mp_downloader — Cache updated (7000 records total)
15:02:12 [INFO] src.mp_downloader — Fetching chunk 15/24 (500 IDs)...
15:02:18 [INFO] src.mp_downloader — Cache updated (7500 records total)
15:02:18 [INFO] src.mp_downloader — Fetching chunk 16/24 (500 IDs)...
15:02:23 [INFO] src.mp_downloader — Cache updated (8000 records total)
15:02:23 [INFO] src.mp_downloader — Fetching chunk 17/24 (500 IDs)...
15:02:31 [INFO] src.mp_downloader — Cache updated (8500 records total)
15:02:31 [INFO] src.mp_downloader — Fetching chunk 18/24 (500 IDs)...
15:02:37 [INFO] src.mp_downloader — Cache updated (9000 records total)
15:02:37 [INFO] src.mp_downloader — Fetching chunk 19/24 (500 IDs)...
15:02:44 [INFO] src.mp_downloader — Cache updated (9500 records total)
15:02:44 [INFO] src.mp_downloader — Fetching chunk 20/24 (500 IDs)...
15:02:50 [INFO] src.mp_downloader — Cache updated (10000 records total)
15:02:50 [INFO] src.mp_downloader — Fetching chunk 21/24 (500 IDs)...
15:02:58 [INFO] src.mp_downloader — Cache updated (10500 records total)
15:02:58 [INFO] src.mp_downloader — Fetching chunk 22/24 (500 IDs)...
15:03:06 [INFO] src.mp_downloader — Cache updated (11000 records total)
15:03:06 [INFO] src.mp_downloader — Fetching chunk 23/24 (500 IDs)...
15:03:14 [INFO] src.mp_downloader — Cache updated (11500 records total)
15:03:14 [INFO] src.mp_downloader — Fetching chunk 24/24 (500 IDs)...
15:03:21 [INFO] src.mp_downloader — Cache updated (12000 records total)
15:03:28 [INFO] src.mp_downloader — Final dataset: 12000 records
15:03:28 [INFO] src.mp_downloader — MP access date: 2026-04-10T15:01:14.560505+00:00
15:03:28 [INFO] main — MP dataset: 12000 structures | class dist: {0: 4000, 1: 4000, 2: 4000}
15:03:28 [INFO] main — ============================================================
15:03:28 [INFO] main — STEP 2: Coordination environment entropy computation
15:03:28 [INFO] main — ============================================================
15:03:28 [INFO] src.coord_env — 12000 structures to process (0 already cached)
15:03:32 [INFO] src.coord_env — Starting parallel ChemEnv computation: 8 workers, 12000 structures
15:04:24 [INFO] src.coord_env — Progress: 100/12000 (1.9/s) — ETA 102 min
15:05:13 [INFO] src.coord_env — Progress: 200/12000 (2.0/s) — ETA 99 min
15:05:13 [INFO] src.coord_env — Intermediate save: 200 new results (errors so far: 0)
15:05:59 [INFO] src.coord_env — Progress: 300/12000 (2.0/s) — ETA 95 min
15:06:44 [INFO] src.coord_env — Progress: 400/12000 (2.1/s) — ETA 93 min
15:06:44 [INFO] src.coord_env — Intermediate save: 400 new results (errors so far: 0)
15:07:41 [INFO] src.coord_env — Progress: 500/12000 (2.0/s) — ETA 95 min
15:08:27 [INFO] src.coord_env — Progress: 600/12000 (2.0/s) — ETA 93 min
15:08:27 [INFO] src.coord_env — Intermediate save: 600 new results (errors so far: 0)
15:09:30 [INFO] src.coord_env — Progress: 700/12000 (2.0/s) — ETA 96 min
15:10:18 [INFO] src.coord_env — Progress: 800/12000 (2.0/s) — ETA 95 min
15:10:18 [INFO] src.coord_env — Intermediate save: 800 new results (errors so far: 0)
15:11:00 [INFO] src.coord_env — Progress: 900/12000 (2.0/s) — ETA 92 min
15:11:50 [INFO] src.coord_env — Progress: 1000/12000 (2.0/s) — ETA 91 min
15:11:50 [INFO] src.coord_env — Intermediate save: 1000 new results (errors so far: 0)
